[27-Feb-2021 01:51:16 UTC] PHP Parse error:  syntax error, unexpected 'endif' (T_ENDIF), expecting end of file in /Users/lovishsekhri/Local Sites/frostsnowboards/app/public/wp-content/themes/sampletheme/header.php on line 42
[27-Feb-2021 01:51:35 UTC] PHP Parse error:  syntax error, unexpected end of file, expecting elseif (T_ELSEIF) or else (T_ELSE) or endif (T_ENDIF) in /Users/lovishsekhri/Local Sites/frostsnowboards/app/public/wp-content/themes/sampletheme/header.php on line 59
[27-Feb-2021 01:51:36 UTC] PHP Parse error:  syntax error, unexpected end of file, expecting elseif (T_ELSEIF) or else (T_ELSE) or endif (T_ENDIF) in /Users/lovishsekhri/Local Sites/frostsnowboards/app/public/wp-content/themes/sampletheme/header.php on line 59
[27-Feb-2021 01:51:44 UTC] PHP Parse error:  syntax error, unexpected end of file, expecting elseif (T_ELSEIF) or else (T_ELSE) or endif (T_ENDIF) in /Users/lovishsekhri/Local Sites/frostsnowboards/app/public/wp-content/themes/sampletheme/header.php on line 59
[27-Feb-2021 01:51:44 UTC] PHP Parse error:  syntax error, unexpected end of file, expecting elseif (T_ELSEIF) or else (T_ELSE) or endif (T_ENDIF) in /Users/lovishsekhri/Local Sites/frostsnowboards/app/public/wp-content/themes/sampletheme/header.php on line 59
[27-Feb-2021 01:51:44 UTC] PHP Parse error:  syntax error, unexpected end of file, expecting elseif (T_ELSEIF) or else (T_ELSE) or endif (T_ENDIF) in /Users/lovishsekhri/Local Sites/frostsnowboards/app/public/wp-content/themes/sampletheme/header.php on line 59
[27-Feb-2021 04:26:38 UTC] PHP Warning:  An unexpected error occurred. Something may be wrong with WordPress.org or this server&#8217;s configuration. If you continue to have problems, please try the <a href="https://wordpress.org/support/forums/">support forums</a>. (WordPress could not establish a secure connection to WordPress.org. Please contact your server administrator.) in /Users/lovishsekhri/Local Sites/frostsnowboards/app/public/wp-includes/update.php on line 173
[27-Feb-2021 04:26:38 UTC] PHP Stack trace:
[27-Feb-2021 04:26:38 UTC] PHP   1. {main}() /Users/lovishsekhri/Local Sites/frostsnowboards/app/public/wp-cron.php:0
[27-Feb-2021 04:26:38 UTC] PHP   2. do_action_ref_array() /Users/lovishsekhri/Local Sites/frostsnowboards/app/public/wp-cron.php:138
[27-Feb-2021 04:26:38 UTC] PHP   3. WP_Hook->do_action() /Users/lovishsekhri/Local Sites/frostsnowboards/app/public/wp-includes/plugin.php:551
[27-Feb-2021 04:26:38 UTC] PHP   4. WP_Hook->apply_filters() /Users/lovishsekhri/Local Sites/frostsnowboards/app/public/wp-includes/class-wp-hook.php:311
[27-Feb-2021 04:26:38 UTC] PHP   5. wp_version_check() /Users/lovishsekhri/Local Sites/frostsnowboards/app/public/wp-includes/class-wp-hook.php:287
[27-Feb-2021 04:26:38 UTC] PHP   6. trigger_error() /Users/lovishsekhri/Local Sites/frostsnowboards/app/public/wp-includes/update.php:173
[27-Feb-2021 04:26:38 UTC] PHP Warning:  An unexpected error occurred. Something may be wrong with WordPress.org or this server&#8217;s configuration. If you continue to have problems, please try the <a href="https://wordpress.org/support/forums/">support forums</a>. (WordPress could not establish a secure connection to WordPress.org. Please contact your server administrator.) in /Users/lovishsekhri/Local Sites/frostsnowboards/app/public/wp-includes/update.php on line 408
[27-Feb-2021 04:26:38 UTC] PHP Stack trace:
[27-Feb-2021 04:26:38 UTC] PHP   1. {main}() /Users/lovishsekhri/Local Sites/frostsnowboards/app/public/wp-cron.php:0
[27-Feb-2021 04:26:38 UTC] PHP   2. do_action_ref_array() /Users/lovishsekhri/Local Sites/frostsnowboards/app/public/wp-cron.php:138
[27-Feb-2021 04:26:38 UTC] PHP   3. WP_Hook->do_action() /Users/lovishsekhri/Local Sites/frostsnowboards/app/public/wp-includes/plugin.php:551
[27-Feb-2021 04:26:38 UTC] PHP   4. WP_Hook->apply_filters() /Users/lovishsekhri/Local Sites/frostsnowboards/app/public/wp-includes/class-wp-hook.php:311
[27-Feb-2021 04:26:38 UTC] PHP   5. wp_update_plugins() /Users/lovishsekhri/Local Sites/frostsnowboards/app/public/wp-includes/class-wp-hook.php:287
[27-Feb-2021 04:26:38 UTC] PHP   6. trigger_error() /Users/lovishsekhri/Local Sites/frostsnowboards/app/public/wp-includes/update.php:408
[27-Feb-2021 04:26:38 UTC] PHP Warning:  An unexpected error occurred. Something may be wrong with WordPress.org or this server&#8217;s configuration. If you continue to have problems, please try the <a href="https://wordpress.org/support/forums/">support forums</a>. (WordPress could not establish a secure connection to WordPress.org. Please contact your server administrator.) in /Users/lovishsekhri/Local Sites/frostsnowboards/app/public/wp-includes/update.php on line 612
[27-Feb-2021 04:26:38 UTC] PHP Stack trace:
[27-Feb-2021 04:26:38 UTC] PHP   1. {main}() /Users/lovishsekhri/Local Sites/frostsnowboards/app/public/wp-cron.php:0
[27-Feb-2021 04:26:38 UTC] PHP   2. do_action_ref_array() /Users/lovishsekhri/Local Sites/frostsnowboards/app/public/wp-cron.php:138
[27-Feb-2021 04:26:38 UTC] PHP   3. WP_Hook->do_action() /Users/lovishsekhri/Local Sites/frostsnowboards/app/public/wp-includes/plugin.php:551
[27-Feb-2021 04:26:38 UTC] PHP   4. WP_Hook->apply_filters() /Users/lovishsekhri/Local Sites/frostsnowboards/app/public/wp-includes/class-wp-hook.php:311
[27-Feb-2021 04:26:38 UTC] PHP   5. wp_update_themes() /Users/lovishsekhri/Local Sites/frostsnowboards/app/public/wp-includes/class-wp-hook.php:287
[27-Feb-2021 04:26:38 UTC] PHP   6. trigger_error() /Users/lovishsekhri/Local Sites/frostsnowboards/app/public/wp-includes/update.php:612
[27-Feb-2021 05:46:32 UTC] PHP Warning:  An unexpected error occurred. Something may be wrong with WordPress.org or this server&#8217;s configuration. If you continue to have problems, please try the <a href="https://wordpress.org/support/forums/">support forums</a>. (WordPress could not establish a secure connection to WordPress.org. Please contact your server administrator.) in /Users/lovishsekhri/Local Sites/frostsnowboards/app/public/wp-admin/includes/translation-install.php on line 68
[27-Feb-2021 05:46:32 UTC] PHP Stack trace:
[27-Feb-2021 05:46:32 UTC] PHP   1. {main}() /Users/lovishsekhri/Local Sites/frostsnowboards/app/public/wp-admin/options-general.php:0
[27-Feb-2021 05:46:32 UTC] PHP   2. wp_get_available_translations() /Users/lovishsekhri/Local Sites/frostsnowboards/app/public/wp-admin/options-general.php:159
[27-Feb-2021 05:46:32 UTC] PHP   3. translations_api() /Users/lovishsekhri/Local Sites/frostsnowboards/app/public/wp-admin/includes/translation-install.php:133
[27-Feb-2021 05:46:32 UTC] PHP   4. trigger_error() /Users/lovishsekhri/Local Sites/frostsnowboards/app/public/wp-admin/includes/translation-install.php:68
[27-Feb-2021 06:10:36 UTC] PHP Parse error:  syntax error, unexpected 'endif' (T_ENDIF), expecting end of file in /Users/lovishsekhri/Local Sites/frostsnowboards/app/public/wp-content/themes/sampletheme/header.php on line 35
[27-Feb-2021 06:44:32 UTC] PHP Warning:  An unexpected error occurred. Something may be wrong with WordPress.org or this server&#8217;s configuration. If you continue to have problems, please try the <a href="https://wordpress.org/support/forums/">support forums</a>. (WordPress could not establish a secure connection to WordPress.org. Please contact your server administrator.) in /Users/lovishsekhri/Local Sites/frostsnowboards/app/public/wp-admin/includes/translation-install.php on line 68
[27-Feb-2021 06:44:32 UTC] PHP Stack trace:
[27-Feb-2021 06:44:32 UTC] PHP   1. {main}() /Users/lovishsekhri/Local Sites/frostsnowboards/app/public/wp-admin/options-general.php:0
[27-Feb-2021 06:44:32 UTC] PHP   2. wp_get_available_translations() /Users/lovishsekhri/Local Sites/frostsnowboards/app/public/wp-admin/options-general.php:159
[27-Feb-2021 06:44:32 UTC] PHP   3. translations_api() /Users/lovishsekhri/Local Sites/frostsnowboards/app/public/wp-admin/includes/translation-install.php:133
[27-Feb-2021 06:44:32 UTC] PHP   4. trigger_error() /Users/lovishsekhri/Local Sites/frostsnowboards/app/public/wp-admin/includes/translation-install.php:68
[27-Feb-2021 18:29:17 UTC] PHP Warning:  An unexpected error occurred. Something may be wrong with WordPress.org or this server&#8217;s configuration. If you continue to have problems, please try the <a href="https://wordpress.org/support/forums/">support forums</a>. (WordPress could not establish a secure connection to WordPress.org. Please contact your server administrator.) in /Users/lovishsekhri/Local Sites/frostsnowboards/app/public/wp-includes/update.php on line 173
[27-Feb-2021 18:29:17 UTC] PHP Stack trace:
[27-Feb-2021 18:29:17 UTC] PHP   1. {main}() /Users/lovishsekhri/Local Sites/frostsnowboards/app/public/wp-cron.php:0
[27-Feb-2021 18:29:17 UTC] PHP   2. do_action_ref_array() /Users/lovishsekhri/Local Sites/frostsnowboards/app/public/wp-cron.php:138
[27-Feb-2021 18:29:17 UTC] PHP   3. WP_Hook->do_action() /Users/lovishsekhri/Local Sites/frostsnowboards/app/public/wp-includes/plugin.php:551
[27-Feb-2021 18:29:17 UTC] PHP   4. WP_Hook->apply_filters() /Users/lovishsekhri/Local Sites/frostsnowboards/app/public/wp-includes/class-wp-hook.php:311
[27-Feb-2021 18:29:17 UTC] PHP   5. wp_version_check() /Users/lovishsekhri/Local Sites/frostsnowboards/app/public/wp-includes/class-wp-hook.php:287
[27-Feb-2021 18:29:17 UTC] PHP   6. trigger_error() /Users/lovishsekhri/Local Sites/frostsnowboards/app/public/wp-includes/update.php:173
[27-Feb-2021 18:29:17 UTC] PHP Warning:  An unexpected error occurred. Something may be wrong with WordPress.org or this server&#8217;s configuration. If you continue to have problems, please try the <a href="https://wordpress.org/support/forums/">support forums</a>. (WordPress could not establish a secure connection to WordPress.org. Please contact your server administrator.) in /Users/lovishsekhri/Local Sites/frostsnowboards/app/public/wp-includes/update.php on line 408
[27-Feb-2021 18:29:17 UTC] PHP Stack trace:
[27-Feb-2021 18:29:17 UTC] PHP   1. {main}() /Users/lovishsekhri/Local Sites/frostsnowboards/app/public/wp-cron.php:0
[27-Feb-2021 18:29:17 UTC] PHP   2. do_action_ref_array() /Users/lovishsekhri/Local Sites/frostsnowboards/app/public/wp-cron.php:138
[27-Feb-2021 18:29:17 UTC] PHP   3. WP_Hook->do_action() /Users/lovishsekhri/Local Sites/frostsnowboards/app/public/wp-includes/plugin.php:551
[27-Feb-2021 18:29:17 UTC] PHP   4. WP_Hook->apply_filters() /Users/lovishsekhri/Local Sites/frostsnowboards/app/public/wp-includes/class-wp-hook.php:311
[27-Feb-2021 18:29:17 UTC] PHP   5. wp_update_plugins() /Users/lovishsekhri/Local Sites/frostsnowboards/app/public/wp-includes/class-wp-hook.php:287
[27-Feb-2021 18:29:17 UTC] PHP   6. trigger_error() /Users/lovishsekhri/Local Sites/frostsnowboards/app/public/wp-includes/update.php:408
[27-Feb-2021 18:29:17 UTC] PHP Warning:  An unexpected error occurred. Something may be wrong with WordPress.org or this server&#8217;s configuration. If you continue to have problems, please try the <a href="https://wordpress.org/support/forums/">support forums</a>. (WordPress could not establish a secure connection to WordPress.org. Please contact your server administrator.) in /Users/lovishsekhri/Local Sites/frostsnowboards/app/public/wp-includes/update.php on line 612
[27-Feb-2021 18:29:17 UTC] PHP Stack trace:
[27-Feb-2021 18:29:17 UTC] PHP   1. {main}() /Users/lovishsekhri/Local Sites/frostsnowboards/app/public/wp-cron.php:0
[27-Feb-2021 18:29:17 UTC] PHP   2. do_action_ref_array() /Users/lovishsekhri/Local Sites/frostsnowboards/app/public/wp-cron.php:138
[27-Feb-2021 18:29:17 UTC] PHP   3. WP_Hook->do_action() /Users/lovishsekhri/Local Sites/frostsnowboards/app/public/wp-includes/plugin.php:551
[27-Feb-2021 18:29:17 UTC] PHP   4. WP_Hook->apply_filters() /Users/lovishsekhri/Local Sites/frostsnowboards/app/public/wp-includes/class-wp-hook.php:311
[27-Feb-2021 18:29:17 UTC] PHP   5. wp_update_themes() /Users/lovishsekhri/Local Sites/frostsnowboards/app/public/wp-includes/class-wp-hook.php:287
[27-Feb-2021 18:29:17 UTC] PHP   6. trigger_error() /Users/lovishsekhri/Local Sites/frostsnowboards/app/public/wp-includes/update.php:612
[28-Feb-2021 01:33:20 UTC] PHP Warning:  An unexpected error occurred. Something may be wrong with WordPress.org or this server&#8217;s configuration. If you continue to have problems, please try the <a href="https://wordpress.org/support/forums/">support forums</a>. (WordPress could not establish a secure connection to WordPress.org. Please contact your server administrator.) in /Users/lovishsekhri/Local Sites/frostsnowboards/app/public/wp-admin/includes/translation-install.php on line 68
[28-Feb-2021 01:33:20 UTC] PHP Stack trace:
[28-Feb-2021 01:33:20 UTC] PHP   1. {main}() /Users/lovishsekhri/Local Sites/frostsnowboards/app/public/wp-admin/options-general.php:0
[28-Feb-2021 01:33:20 UTC] PHP   2. wp_get_available_translations() /Users/lovishsekhri/Local Sites/frostsnowboards/app/public/wp-admin/options-general.php:159
[28-Feb-2021 01:33:20 UTC] PHP   3. translations_api() /Users/lovishsekhri/Local Sites/frostsnowboards/app/public/wp-admin/includes/translation-install.php:133
[28-Feb-2021 01:33:20 UTC] PHP   4. trigger_error() /Users/lovishsekhri/Local Sites/frostsnowboards/app/public/wp-admin/includes/translation-install.php:68
[28-Feb-2021 01:36:19 UTC] PHP Warning:  An unexpected error occurred. Something may be wrong with WordPress.org or this server&#8217;s configuration. If you continue to have problems, please try the <a href="https://wordpress.org/support/forums/">support forums</a>. (WordPress could not establish a secure connection to WordPress.org. Please contact your server administrator.) in /Users/lovishsekhri/Local Sites/frostsnowboards/app/public/wp-admin/includes/translation-install.php on line 68
[28-Feb-2021 01:36:19 UTC] PHP Stack trace:
[28-Feb-2021 01:36:19 UTC] PHP   1. {main}() /Users/lovishsekhri/Local Sites/frostsnowboards/app/public/wp-admin/options-general.php:0
[28-Feb-2021 01:36:19 UTC] PHP   2. wp_get_available_translations() /Users/lovishsekhri/Local Sites/frostsnowboards/app/public/wp-admin/options-general.php:159
[28-Feb-2021 01:36:19 UTC] PHP   3. translations_api() /Users/lovishsekhri/Local Sites/frostsnowboards/app/public/wp-admin/includes/translation-install.php:133
[28-Feb-2021 01:36:19 UTC] PHP   4. trigger_error() /Users/lovishsekhri/Local Sites/frostsnowboards/app/public/wp-admin/includes/translation-install.php:68
[28-Feb-2021 05:16:44 UTC] PHP Warning:  An unexpected error occurred. Something may be wrong with WordPress.org or this server&#8217;s configuration. If you continue to have problems, please try the <a href="https://wordpress.org/support/forums/">support forums</a>. (WordPress could not establish a secure connection to WordPress.org. Please contact your server administrator.) in /Users/lovishsekhri/Local Sites/frostsnowboards/app/public/wp-includes/update.php on line 173
[28-Feb-2021 05:16:44 UTC] PHP Stack trace:
[28-Feb-2021 05:16:44 UTC] PHP   1. {main}() /Users/lovishsekhri/Local Sites/frostsnowboards/app/public/wp-cron.php:0
[28-Feb-2021 05:16:44 UTC] PHP   2. do_action_ref_array() /Users/lovishsekhri/Local Sites/frostsnowboards/app/public/wp-cron.php:138
[28-Feb-2021 05:16:44 UTC] PHP   3. WP_Hook->do_action() /Users/lovishsekhri/Local Sites/frostsnowboards/app/public/wp-includes/plugin.php:551
[28-Feb-2021 05:16:44 UTC] PHP   4. WP_Hook->apply_filters() /Users/lovishsekhri/Local Sites/frostsnowboards/app/public/wp-includes/class-wp-hook.php:311
[28-Feb-2021 05:16:44 UTC] PHP   5. wp_version_check() /Users/lovishsekhri/Local Sites/frostsnowboards/app/public/wp-includes/class-wp-hook.php:287
[28-Feb-2021 05:16:44 UTC] PHP   6. trigger_error() /Users/lovishsekhri/Local Sites/frostsnowboards/app/public/wp-includes/update.php:173
[28-Feb-2021 05:16:44 UTC] PHP Warning:  An unexpected error occurred. Something may be wrong with WordPress.org or this server&#8217;s configuration. If you continue to have problems, please try the <a href="https://wordpress.org/support/forums/">support forums</a>. (WordPress could not establish a secure connection to WordPress.org. Please contact your server administrator.) in /Users/lovishsekhri/Local Sites/frostsnowboards/app/public/wp-includes/update.php on line 408
[28-Feb-2021 05:16:44 UTC] PHP Stack trace:
[28-Feb-2021 05:16:44 UTC] PHP   1. {main}() /Users/lovishsekhri/Local Sites/frostsnowboards/app/public/wp-cron.php:0
[28-Feb-2021 05:16:44 UTC] PHP   2. do_action_ref_array() /Users/lovishsekhri/Local Sites/frostsnowboards/app/public/wp-cron.php:138
[28-Feb-2021 05:16:44 UTC] PHP   3. WP_Hook->do_action() /Users/lovishsekhri/Local Sites/frostsnowboards/app/public/wp-includes/plugin.php:551
[28-Feb-2021 05:16:44 UTC] PHP   4. WP_Hook->apply_filters() /Users/lovishsekhri/Local Sites/frostsnowboards/app/public/wp-includes/class-wp-hook.php:311
[28-Feb-2021 05:16:44 UTC] PHP   5. wp_update_plugins() /Users/lovishsekhri/Local Sites/frostsnowboards/app/public/wp-includes/class-wp-hook.php:287
[28-Feb-2021 05:16:44 UTC] PHP   6. trigger_error() /Users/lovishsekhri/Local Sites/frostsnowboards/app/public/wp-includes/update.php:408
[28-Feb-2021 05:16:44 UTC] PHP Warning:  An unexpected error occurred. Something may be wrong with WordPress.org or this server&#8217;s configuration. If you continue to have problems, please try the <a href="https://wordpress.org/support/forums/">support forums</a>. (WordPress could not establish a secure connection to WordPress.org. Please contact your server administrator.) in /Users/lovishsekhri/Local Sites/frostsnowboards/app/public/wp-includes/update.php on line 612
[28-Feb-2021 05:16:44 UTC] PHP Stack trace:
[28-Feb-2021 05:16:44 UTC] PHP   1. {main}() /Users/lovishsekhri/Local Sites/frostsnowboards/app/public/wp-cron.php:0
[28-Feb-2021 05:16:44 UTC] PHP   2. do_action_ref_array() /Users/lovishsekhri/Local Sites/frostsnowboards/app/public/wp-cron.php:138
[28-Feb-2021 05:16:44 UTC] PHP   3. WP_Hook->do_action() /Users/lovishsekhri/Local Sites/frostsnowboards/app/public/wp-includes/plugin.php:551
[28-Feb-2021 05:16:44 UTC] PHP   4. WP_Hook->apply_filters() /Users/lovishsekhri/Local Sites/frostsnowboards/app/public/wp-includes/class-wp-hook.php:311
[28-Feb-2021 05:16:44 UTC] PHP   5. wp_update_themes() /Users/lovishsekhri/Local Sites/frostsnowboards/app/public/wp-includes/class-wp-hook.php:287
[28-Feb-2021 05:16:44 UTC] PHP   6. trigger_error() /Users/lovishsekhri/Local Sites/frostsnowboards/app/public/wp-includes/update.php:612
[01-Mar-2021 03:34:39 UTC] PHP Warning:  An unexpected error occurred. Something may be wrong with WordPress.org or this server&#8217;s configuration. If you continue to have problems, please try the <a href="https://wordpress.org/support/forums/">support forums</a>. (WordPress could not establish a secure connection to WordPress.org. Please contact your server administrator.) in /Users/lovishsekhri/Local Sites/frostsnowboards/app/public/wp-includes/update.php on line 173
[01-Mar-2021 03:34:39 UTC] PHP Stack trace:
[01-Mar-2021 03:34:39 UTC] PHP   1. {main}() /Users/lovishsekhri/Local Sites/frostsnowboards/app/public/wp-cron.php:0
[01-Mar-2021 03:34:39 UTC] PHP   2. do_action_ref_array() /Users/lovishsekhri/Local Sites/frostsnowboards/app/public/wp-cron.php:138
[01-Mar-2021 03:34:39 UTC] PHP   3. WP_Hook->do_action() /Users/lovishsekhri/Local Sites/frostsnowboards/app/public/wp-includes/plugin.php:551
[01-Mar-2021 03:34:39 UTC] PHP   4. WP_Hook->apply_filters() /Users/lovishsekhri/Local Sites/frostsnowboards/app/public/wp-includes/class-wp-hook.php:311
[01-Mar-2021 03:34:39 UTC] PHP   5. wp_version_check() /Users/lovishsekhri/Local Sites/frostsnowboards/app/public/wp-includes/class-wp-hook.php:287
[01-Mar-2021 03:34:39 UTC] PHP   6. trigger_error() /Users/lovishsekhri/Local Sites/frostsnowboards/app/public/wp-includes/update.php:173
[01-Mar-2021 03:34:39 UTC] PHP Warning:  An unexpected error occurred. Something may be wrong with WordPress.org or this server&#8217;s configuration. If you continue to have problems, please try the <a href="https://wordpress.org/support/forums/">support forums</a>. (WordPress could not establish a secure connection to WordPress.org. Please contact your server administrator.) in /Users/lovishsekhri/Local Sites/frostsnowboards/app/public/wp-includes/update.php on line 408
[01-Mar-2021 03:34:39 UTC] PHP Stack trace:
[01-Mar-2021 03:34:39 UTC] PHP   1. {main}() /Users/lovishsekhri/Local Sites/frostsnowboards/app/public/wp-cron.php:0
[01-Mar-2021 03:34:39 UTC] PHP   2. do_action_ref_array() /Users/lovishsekhri/Local Sites/frostsnowboards/app/public/wp-cron.php:138
[01-Mar-2021 03:34:39 UTC] PHP   3. WP_Hook->do_action() /Users/lovishsekhri/Local Sites/frostsnowboards/app/public/wp-includes/plugin.php:551
[01-Mar-2021 03:34:39 UTC] PHP   4. WP_Hook->apply_filters() /Users/lovishsekhri/Local Sites/frostsnowboards/app/public/wp-includes/class-wp-hook.php:311
[01-Mar-2021 03:34:39 UTC] PHP   5. wp_update_plugins() /Users/lovishsekhri/Local Sites/frostsnowboards/app/public/wp-includes/class-wp-hook.php:287
[01-Mar-2021 03:34:39 UTC] PHP   6. trigger_error() /Users/lovishsekhri/Local Sites/frostsnowboards/app/public/wp-includes/update.php:408
[01-Mar-2021 03:34:39 UTC] PHP Warning:  An unexpected error occurred. Something may be wrong with WordPress.org or this server&#8217;s configuration. If you continue to have problems, please try the <a href="https://wordpress.org/support/forums/">support forums</a>. (WordPress could not establish a secure connection to WordPress.org. Please contact your server administrator.) in /Users/lovishsekhri/Local Sites/frostsnowboards/app/public/wp-includes/update.php on line 612
[01-Mar-2021 03:34:39 UTC] PHP Stack trace:
[01-Mar-2021 03:34:39 UTC] PHP   1. {main}() /Users/lovishsekhri/Local Sites/frostsnowboards/app/public/wp-cron.php:0
[01-Mar-2021 03:34:39 UTC] PHP   2. do_action_ref_array() /Users/lovishsekhri/Local Sites/frostsnowboards/app/public/wp-cron.php:138
[01-Mar-2021 03:34:39 UTC] PHP   3. WP_Hook->do_action() /Users/lovishsekhri/Local Sites/frostsnowboards/app/public/wp-includes/plugin.php:551
[01-Mar-2021 03:34:39 UTC] PHP   4. WP_Hook->apply_filters() /Users/lovishsekhri/Local Sites/frostsnowboards/app/public/wp-includes/class-wp-hook.php:311
[01-Mar-2021 03:34:39 UTC] PHP   5. wp_update_themes() /Users/lovishsekhri/Local Sites/frostsnowboards/app/public/wp-includes/class-wp-hook.php:287
[01-Mar-2021 03:34:39 UTC] PHP   6. trigger_error() /Users/lovishsekhri/Local Sites/frostsnowboards/app/public/wp-includes/update.php:612
[01-Mar-2021 04:25:27 UTC] PHP Warning:  An unexpected error occurred. Something may be wrong with WordPress.org or this server&#8217;s configuration. If you continue to have problems, please try the <a href="https://wordpress.org/support/forums/">support forums</a>. (WordPress could not establish a secure connection to WordPress.org. Please contact your server administrator.) in /Users/lovishsekhri/Local Sites/frostsnowboards/app/public/wp-includes/update.php on line 173
[01-Mar-2021 04:25:27 UTC] PHP Stack trace:
[01-Mar-2021 04:25:27 UTC] PHP   1. {main}() /Users/lovishsekhri/Local Sites/frostsnowboards/app/public/wp-cron.php:0
[01-Mar-2021 04:25:27 UTC] PHP   2. do_action_ref_array() /Users/lovishsekhri/Local Sites/frostsnowboards/app/public/wp-cron.php:138
[01-Mar-2021 04:25:27 UTC] PHP   3. WP_Hook->do_action() /Users/lovishsekhri/Local Sites/frostsnowboards/app/public/wp-includes/plugin.php:551
[01-Mar-2021 04:25:27 UTC] PHP   4. WP_Hook->apply_filters() /Users/lovishsekhri/Local Sites/frostsnowboards/app/public/wp-includes/class-wp-hook.php:311
[01-Mar-2021 04:25:27 UTC] PHP   5. wp_version_check() /Users/lovishsekhri/Local Sites/frostsnowboards/app/public/wp-includes/class-wp-hook.php:287
[01-Mar-2021 04:25:27 UTC] PHP   6. trigger_error() /Users/lovishsekhri/Local Sites/frostsnowboards/app/public/wp-includes/update.php:173
[01-Mar-2021 04:35:09 UTC] PHP Parse error:  syntax error, unexpected '<', expecting end of file in /Users/lovishsekhri/Local Sites/frostsnowboards/app/public/wp-content/themes/sampletheme/template-parts/content-page.php on line 22
[02-Mar-2021 00:29:04 UTC] PHP Warning:  An unexpected error occurred. Something may be wrong with WordPress.org or this server&#8217;s configuration. If you continue to have problems, please try the <a href="https://wordpress.org/support/forums/">support forums</a>. (WordPress could not establish a secure connection to WordPress.org. Please contact your server administrator.) in /Users/lovishsekhri/Local Sites/frostsnowboards/app/public/wp-includes/update.php on line 173
[02-Mar-2021 00:29:04 UTC] PHP Stack trace:
[02-Mar-2021 00:29:04 UTC] PHP   1. {main}() /Users/lovishsekhri/Local Sites/frostsnowboards/app/public/wp-cron.php:0
[02-Mar-2021 00:29:04 UTC] PHP   2. do_action_ref_array() /Users/lovishsekhri/Local Sites/frostsnowboards/app/public/wp-cron.php:138
[02-Mar-2021 00:29:04 UTC] PHP   3. WP_Hook->do_action() /Users/lovishsekhri/Local Sites/frostsnowboards/app/public/wp-includes/plugin.php:551
[02-Mar-2021 00:29:04 UTC] PHP   4. WP_Hook->apply_filters() /Users/lovishsekhri/Local Sites/frostsnowboards/app/public/wp-includes/class-wp-hook.php:311
[02-Mar-2021 00:29:04 UTC] PHP   5. wp_version_check() /Users/lovishsekhri/Local Sites/frostsnowboards/app/public/wp-includes/class-wp-hook.php:287
[02-Mar-2021 00:29:04 UTC] PHP   6. trigger_error() /Users/lovishsekhri/Local Sites/frostsnowboards/app/public/wp-includes/update.php:173
[02-Mar-2021 00:29:04 UTC] PHP Warning:  An unexpected error occurred. Something may be wrong with WordPress.org or this server&#8217;s configuration. If you continue to have problems, please try the <a href="https://wordpress.org/support/forums/">support forums</a>. (WordPress could not establish a secure connection to WordPress.org. Please contact your server administrator.) in /Users/lovishsekhri/Local Sites/frostsnowboards/app/public/wp-includes/update.php on line 408
[02-Mar-2021 00:29:04 UTC] PHP Stack trace:
[02-Mar-2021 00:29:04 UTC] PHP   1. {main}() /Users/lovishsekhri/Local Sites/frostsnowboards/app/public/wp-cron.php:0
[02-Mar-2021 00:29:04 UTC] PHP   2. do_action_ref_array() /Users/lovishsekhri/Local Sites/frostsnowboards/app/public/wp-cron.php:138
[02-Mar-2021 00:29:04 UTC] PHP   3. WP_Hook->do_action() /Users/lovishsekhri/Local Sites/frostsnowboards/app/public/wp-includes/plugin.php:551
[02-Mar-2021 00:29:04 UTC] PHP   4. WP_Hook->apply_filters() /Users/lovishsekhri/Local Sites/frostsnowboards/app/public/wp-includes/class-wp-hook.php:311
[02-Mar-2021 00:29:04 UTC] PHP   5. wp_update_plugins() /Users/lovishsekhri/Local Sites/frostsnowboards/app/public/wp-includes/class-wp-hook.php:287
[02-Mar-2021 00:29:04 UTC] PHP   6. trigger_error() /Users/lovishsekhri/Local Sites/frostsnowboards/app/public/wp-includes/update.php:408
[02-Mar-2021 00:29:04 UTC] PHP Warning:  An unexpected error occurred. Something may be wrong with WordPress.org or this server&#8217;s configuration. If you continue to have problems, please try the <a href="https://wordpress.org/support/forums/">support forums</a>. (WordPress could not establish a secure connection to WordPress.org. Please contact your server administrator.) in /Users/lovishsekhri/Local Sites/frostsnowboards/app/public/wp-includes/update.php on line 612
[02-Mar-2021 00:29:04 UTC] PHP Stack trace:
[02-Mar-2021 00:29:04 UTC] PHP   1. {main}() /Users/lovishsekhri/Local Sites/frostsnowboards/app/public/wp-cron.php:0
[02-Mar-2021 00:29:04 UTC] PHP   2. do_action_ref_array() /Users/lovishsekhri/Local Sites/frostsnowboards/app/public/wp-cron.php:138
[02-Mar-2021 00:29:04 UTC] PHP   3. WP_Hook->do_action() /Users/lovishsekhri/Local Sites/frostsnowboards/app/public/wp-includes/plugin.php:551
[02-Mar-2021 00:29:04 UTC] PHP   4. WP_Hook->apply_filters() /Users/lovishsekhri/Local Sites/frostsnowboards/app/public/wp-includes/class-wp-hook.php:311
[02-Mar-2021 00:29:04 UTC] PHP   5. wp_update_themes() /Users/lovishsekhri/Local Sites/frostsnowboards/app/public/wp-includes/class-wp-hook.php:287
[02-Mar-2021 00:29:04 UTC] PHP   6. trigger_error() /Users/lovishsekhri/Local Sites/frostsnowboards/app/public/wp-includes/update.php:612
